[2024-05-23 18:32:12.273] [interpreter_logger] [info] The parser is initialized!
[2024-05-23 18:32:12.274] [interpreter_logger] [info] Start the interpreter thread
[2024-05-23 18:32:12.274] [interpreter_logger] [debug] Wait for the interpreter thread paused: false
[2024-05-23 18:32:12.274] [interpreter_logger] [debug] Wait for the interpreter thread paused: false
[2024-05-23 18:32:12.274] [interpreter_logger] [debug] Wait for the interpreter thread paused: false
[2024-05-23 18:32:12.274] [interpreter_logger] [debug] Wait for the interpreter thread paused: false
[2024-05-23 18:32:12.275] [interpreter_logger] [debug] Wait for the interpreter thread paused: false
[2024-05-23 18:32:12.275] [interpreter_logger] [debug] Wait for the interpreter thread paused: false
[2024-05-23 18:32:12.275] [interpreter_logger] [debug] Wait for the interpreter thread paused: false
[2024-05-23 18:32:12.275] [interpreter_logger] [debug] Wait for the interpreter thread paused: false
[2024-05-23 18:32:12.275] [interpreter_logger] [debug] Wait for the interpreter thread paused: false
[2024-05-23 18:32:12.275] [interpreter_logger] [debug] Wait for the interpreter thread paused: false
[2024-05-23 18:32:12.275] [interpreter_logger] [debug] Wait for the interpreter thread paused: false
[2024-05-23 18:32:12.275] [interpreter_logger] [debug] Wait for the interpreter thread paused: false
[2024-05-23 18:32:12.275] [interpreter_logger] [debug] Wait for the interpreter thread paused: false
[2024-05-23 18:32:12.275] [interpreter_logger] [debug] Wait for the interpreter thread paused: false
[2024-05-23 18:32:12.275] [interpreter_logger] [debug] Wait for the interpreter thread paused: false
[2024-05-23 18:32:12.275] [interpreter_logger] [debug] Wait for the interpreter thread paused: false
[2024-05-23 18:32:12.276] [interpreter_logger] [debug] Wait for the interpreter thread paused: false
[2024-05-23 18:32:12.276] [interpreter_logger] [debug] Wait for the interpreter thread paused: false
[2024-05-23 18:32:12.276] [interpreter_logger] [debug] Wait for the interpreter thread paused: false
[2024-05-23 18:32:12.276] [interpreter_logger] [debug] Wait for the interpreter thread paused: false
[2024-05-23 18:32:12.276] [interpreter_logger] [debug] Wait for the interpreter thread paused: false
[2024-05-23 18:32:12.276] [interpreter_logger] [debug] Wait for the interpreter thread paused: false
[2024-05-23 18:32:12.276] [interpreter_logger] [debug] Wait for the interpreter thread paused: false
[2024-05-23 18:32:12.276] [interpreter_logger] [debug] Wait for the interpreter thread paused: false
[2024-05-23 18:32:12.276] [interpreter_logger] [debug] Wait for the interpreter thread paused: false
[2024-05-23 18:32:12.276] [interpreter_logger] [debug] Wait for the interpreter thread paused: false
[2024-05-23 18:32:12.276] [interpreter_logger] [debug] Wait for the interpreter thread paused: false
[2024-05-23 18:32:12.277] [interpreter_logger] [debug] Wait for the interpreter thread paused: false
[2024-05-23 18:32:12.277] [interpreter_logger] [debug] Wait for the interpreter thread paused: false
[2024-05-23 18:32:12.277] [interpreter_logger] [debug] Wait for the interpreter thread paused: false
[2024-05-23 18:32:12.277] [interpreter_logger] [debug] Wait for the interpreter thread paused: false
[2024-05-23 18:32:12.277] [interpreter_logger] [debug] Wait for the interpreter thread paused: false
[2024-05-23 18:32:12.277] [interpreter_logger] [debug] Wait for the interpreter thread paused: false
[2024-05-23 18:32:12.277] [interpreter_logger] [debug] Wait for the interpreter thread paused: false
[2024-05-23 18:32:12.277] [interpreter_logger] [debug] Wait for the interpreter thread paused: false
[2024-05-23 18:32:12.277] [interpreter_logger] [debug] Wait for the interpreter thread paused: false
[2024-05-23 18:32:12.277] [interpreter_logger] [debug] Wait for the interpreter thread paused: false
[2024-05-23 18:32:12.278] [interpreter_logger] [debug] Wait for the interpreter thread paused: false
[2024-05-23 18:32:12.278] [interpreter_logger] [debug] Wait for the interpreter thread paused: false
[2024-05-23 18:32:12.278] [interpreter_logger] [debug] Wait for the interpreter thread paused: false
[2024-05-23 18:32:12.278] [interpreter_logger] [debug] Wait for the interpreter thread paused: false
[2024-05-23 18:32:12.278] [interpreter_logger] [debug] Wait for the interpreter thread paused: false
[2024-05-23 18:32:12.278] [interpreter_logger] [debug] Wait for the interpreter thread paused: false
[2024-05-23 18:32:12.278] [interpreter_logger] [debug] Wait for the interpreter thread paused: false
[2024-05-23 18:32:12.279] [interpreter_logger] [debug] Wait for the interpreter thread paused: false
[2024-05-23 18:32:12.279] [interpreter_logger] [debug] Wait for the interpreter thread paused: false
[2024-05-23 18:32:12.279] [interpreter_logger] [debug] Wait for the interpreter thread paused: false
[2024-05-23 18:32:12.279] [interpreter_logger] [debug] Wait for the interpreter thread paused: false
[2024-05-23 18:32:12.279] [interpreter_logger] [debug] Wait for the interpreter thread paused: false
[2024-05-23 18:32:12.279] [interpreter_logger] [debug] Wait for the interpreter thread paused: false
[2024-05-23 18:32:12.279] [interpreter_logger] [debug] Wait for the interpreter thread paused: false
[2024-05-23 18:32:12.279] [interpreter_logger] [debug] Wait for the interpreter thread paused: false
[2024-05-23 18:32:12.279] [interpreter_logger] [debug] Wait for the interpreter thread paused: false
[2024-05-23 18:32:12.279] [interpreter_logger] [debug] Wait for the interpreter thread paused: false
[2024-05-23 18:32:12.279] [interpreter_logger] [debug] Wait for the interpreter thread paused: false
[2024-05-23 18:32:12.279] [interpreter_logger] [debug] Wait for the interpreter thread paused: false
[2024-05-23 18:32:12.279] [interpreter_logger] [debug] Wait for the interpreter thread paused: false
[2024-05-23 18:32:12.279] [interpreter_logger] [debug] Wait for the interpreter thread paused: false
[2024-05-23 18:32:12.280] [interpreter_logger] [debug] Wait for the interpreter thread paused: false
[2024-05-23 18:32:12.280] [interpreter_logger] [debug] Wait for the interpreter thread paused: false
[2024-05-23 18:32:12.280] [interpreter_logger] [debug] Wait for the interpreter thread paused: false
[2024-05-23 18:32:12.280] [interpreter_logger] [debug] Wait for the interpreter thread paused: false
[2024-05-23 18:32:12.280] [interpreter_logger] [debug] Wait for the interpreter thread paused: false
[2024-05-23 18:32:12.280] [interpreter_logger] [debug] Wait for the interpreter thread paused: false
[2024-05-23 18:32:12.280] [interpreter_logger] [debug] Wait for the interpreter thread paused: false
[2024-05-23 18:32:12.280] [interpreter_logger] [error] Line 65: The expression is not supported!
[2024-05-23 18:32:12.280] [interpreter_logger] [debug] Wait for the interpreter thread paused: false
[2024-05-23 18:32:12.280] [interpreter_logger] [error] Line 66: The expression is not supported!
[2024-05-23 18:32:12.280] [interpreter_logger] [debug] Wait for the interpreter thread paused: false
[2024-05-23 18:32:12.280] [interpreter_logger] [debug] Wait for the interpreter thread paused: false
[2024-05-23 18:32:12.280] [interpreter_logger] [debug] Wait for the interpreter thread paused: false
[2024-05-23 18:32:12.280] [interpreter_logger] [debug] Wait for the interpreter thread paused: false
[2024-05-23 18:32:12.280] [interpreter_logger] [debug] Wait for the interpreter thread paused: false
[2024-05-23 18:32:12.281] [interpreter_logger] [debug] Wait for the interpreter thread paused: false
[2024-05-23 18:32:12.281] [interpreter_logger] [debug] Wait for the interpreter thread paused: false
[2024-05-23 18:32:12.281] [interpreter_logger] [debug] Wait for the interpreter thread paused: false
[2024-05-23 18:32:12.281] [interpreter_logger] [error] Line 74: The expression is not supported!
[2024-05-23 18:32:12.281] [interpreter_logger] [debug] Wait for the interpreter thread paused: false
[2024-05-23 18:32:12.281] [interpreter_logger] [error] Line 75: The expression is not supported!
[2024-05-23 18:32:12.281] [interpreter_logger] [debug] Wait for the interpreter thread paused: false
[2024-05-23 18:32:12.281] [interpreter_logger] [debug] Wait for the interpreter thread paused: false
[2024-05-23 18:32:12.281] [interpreter_logger] [debug] Wait for the interpreter thread paused: false
[2024-05-23 18:32:12.281] [interpreter_logger] [debug] Wait for the interpreter thread paused: false
[2024-05-23 18:32:12.281] [interpreter_logger] [debug] Wait for the interpreter thread paused: false
[2024-05-23 18:32:12.281] [interpreter_logger] [debug] Wait for the interpreter thread paused: false
[2024-05-23 18:32:12.281] [interpreter_logger] [debug] Wait for the interpreter thread paused: false
[2024-05-23 18:32:12.282] [interpreter_logger] [debug] Wait for the interpreter thread paused: false
[2024-05-23 18:32:12.282] [interpreter_logger] [debug] Wait for the interpreter thread paused: false
[2024-05-23 18:32:12.282] [interpreter_logger] [debug] Wait for the interpreter thread paused: false
[2024-05-23 18:32:12.282] [interpreter_logger] [debug] Wait for the interpreter thread paused: false
[2024-05-23 18:32:12.282] [interpreter_logger] [debug] Wait for the interpreter thread paused: false
[2024-05-23 18:32:12.282] [interpreter_logger] [debug] Wait for the interpreter thread paused: false
[2024-05-23 18:32:12.282] [interpreter_logger] [debug] Wait for the interpreter thread paused: false
[2024-05-23 18:32:12.282] [interpreter_logger] [error] Line 89: The expression is not supported!
[2024-05-23 18:32:12.282] [interpreter_logger] [debug] Wait for the interpreter thread paused: false
[2024-05-23 18:32:12.282] [interpreter_logger] [error] Line 90: The expression is not supported!
[2024-05-23 18:32:12.282] [interpreter_logger] [debug] Wait for the interpreter thread paused: false
[2024-05-23 18:32:12.282] [interpreter_logger] [debug] Wait for the interpreter thread paused: false
[2024-05-23 18:32:12.282] [interpreter_logger] [debug] Wait for the interpreter thread paused: false
[2024-05-23 18:32:12.282] [interpreter_logger] [debug] Wait for the interpreter thread paused: false
[2024-05-23 18:32:12.282] [interpreter_logger] [debug] Wait for the interpreter thread paused: false
[2024-05-23 18:32:12.283] [interpreter_logger] [debug] Wait for the interpreter thread paused: false
[2024-05-23 18:32:12.283] [interpreter_logger] [debug] Wait for the interpreter thread paused: false
[2024-05-23 18:32:12.283] [interpreter_logger] [debug] Wait for the interpreter thread paused: false
[2024-05-23 18:32:12.283] [interpreter_logger] [error] Line 98: The expression is not supported!
[2024-05-23 18:32:12.283] [interpreter_logger] [debug] Wait for the interpreter thread paused: false
[2024-05-23 18:32:12.283] [interpreter_logger] [error] Line 99: The expression is not supported!
[2024-05-23 18:32:12.283] [interpreter_logger] [debug] Wait for the interpreter thread paused: false
[2024-05-23 18:32:12.283] [interpreter_logger] [debug] Wait for the interpreter thread paused: false
[2024-05-23 18:32:12.283] [interpreter_logger] [debug] Wait for the interpreter thread paused: false
[2024-05-23 18:32:12.283] [interpreter_logger] [debug] Wait for the interpreter thread paused: false
[2024-05-23 18:32:12.283] [interpreter_logger] [debug] Wait for the interpreter thread paused: false
[2024-05-23 18:32:12.283] [interpreter_logger] [error] Line 104: The expression is not supported!
[2024-05-23 18:32:12.283] [interpreter_logger] [debug] Wait for the interpreter thread paused: false
[2024-05-23 18:32:12.283] [interpreter_logger] [error] Line 105: The expression is not supported!
[2024-05-23 18:32:12.283] [interpreter_logger] [debug] Wait for the interpreter thread paused: false
[2024-05-23 18:32:12.284] [interpreter_logger] [debug] Wait for the interpreter thread paused: false
[2024-05-23 18:32:12.284] [interpreter_logger] [error] Line 107: The expression is not supported!
[2024-05-23 18:32:12.284] [interpreter_logger] [debug] Wait for the interpreter thread paused: false
[2024-05-23 18:32:12.284] [interpreter_logger] [error] Line 108: The expression is not supported!
[2024-05-23 18:32:12.284] [interpreter_logger] [[2024-05-23 18:38:04.732] [interpreter_logger] [info] The parser is initialized!
[2024-05-23 18:38:04.733] [interpreter_logger] [info] Start the interpreter thread
[2024-05-23 18:38:04.740] [interpreter_logger] [error] Line 74: The expression is not supported!
[2024-05-23 18:38:04.741] [interpreter_logger] [error] Line 75: The expression is not supported!
[2024-05-23 18:38:04.742] [interpreter_logger] [error] Line 89: The expression is not supported!
[2024-05-23 18:38:04.742] [interpreter_logger] [error] Line 90: The expression is not supported!
[2024-05-23 18:38:04.743] [interpreter_logger] [error] Line 98: The expression is not supported!
[2024-05-23 18:38:04.743] [interpreter_logger] [error] Line 99: The expression is not supported!
[2024-05-23 18:38:04.743] [interpreter_logger] [error] Line 104: The expression is not supported!
[2024-05-23 18:38:04.743] [interpreter_logger] [error] Line 105: The expression is not supported!
[2024-05-23 18:38:04.743] [interpreter_logger] [error] Line 107: The expression is not supported!
[2024-05-23 18:38:04.743] [interpreter_logger] [error] Line 108: The expression is not supported!
[2024-05-23 18:39:24.265] [interpreter_logger] [info] The parser is initialized!
[2024-05-23 18:39:24.266] [interpreter_logger] [info] Start the interpreter thread
[2024-05-23 18:39:24.271] [interpreter_logger] [error] Line 74: The expression is not supported!
[2024-05-23 18:39:24.272] [interpreter_logger] [error] Line 75: The expression is not supported!
[2024-05-23 18:39:24.273] [interpreter_logger] [error] Line 89: The expression is not supported!
[2024-05-23 18:39:24.273] [interpreter_logger] [error] Line 90: The expression is not supported!
[2024-05-23 18:39:24.273] [interpreter_logger] [error] Line 98: The expression is not supported!
[2024-05-23 18:39:24.274] [interpreter_logger] [error] Line 99: The expression is not supported!
[2024-05-23 18:39:24.274] [interpreter_logger] [error] Line 104: The expression is not supported!
[2024-05-23 18:39:24.274] [interpreter_logger] [error] Line 105: The expression is not supported!
[2024-05-23 18:39:24.274] [interpreter_logger] [error] Line 107: The expression is not supported!
[2024-05-23 18:39:24.274] [interpreter_logger] [error] Line 108: The expression is not supported!
[2024-05-23 18:41:43.750] [interpreter_logger] [info] The parser is initialized!
[2024-05-23 18:41:43.750] [interpreter_logger] [info] Start the interpreter thread
[2024-05-23 18:41:43.756] [interpreter_logger] [error] Line 74: The expression is not supported!
[2024-05-23 18:41:43.756] [interpreter_logger] [error] Line 75: The expression is not supported!
[2024-05-23 18:41:43.758] [interpreter_logger] [error] Line 89: The expression is not supported!
[2024-05-23 18:41:43.758] [interpreter_logger] [error] Line 90: The expression is not supported!
[2024-05-23 18:43:28.019] [interpreter_logger] [info] The parser is initialized!
[2024-05-23 18:43:28.020] [interpreter_logger] [info] Start the interpreter thread
[2024-05-23 18:43:28.026] [interpreter_logger] [error] Line 74: The expression is not supported!
[2024-05-23 18:43:28.026] [interpreter_logger] [error] Line 75: The expression is not supported!
[2024-05-23 18:43:28.027] [interpreter_logger] [error] Line 89: The expression is not supported!
[2024-05-23 18:43:28.028] [interpreter_logger] [error] Line 90: The expression is not supported!
[2024-05-23 18:45:51.850] [interpreter_logger] [info] The parser is initialized!
[2024-05-23 18:45:51.851] [interpreter_logger] [info] Start the interpreter thread
[2024-05-23 18:45:51.858] [interpreter_logger] [error] Line 74: The expression is not supported!
[2024-05-23 18:45:51.858] [interpreter_logger] [error] Line 75: The expression is not supported!
[2024-05-23 18:45:51.860] [interpreter_logger] [error] Line 89: The expression is not supported!
[2024-05-23 18:45:51.860] [interpreter_logger] [error] Line 90: The expression is not supported!
[2024-05-23 19:43:51.173] [interpreter_logger] [info] The parser is initialized!
[2024-05-23 19:43:51.174] [interpreter_logger] [info] Start the interpreter thread
[2024-05-23 19:43:51.181] [interpreter_logger] [error] Line 75: The expression is not supported!
[2024-05-23 19:44:26.167] [interpreter_logger] [info] The parser is initialized!
[2024-05-23 19:44:26.167] [interpreter_logger] [info] Start the interpreter thread
[2024-05-23 19:44:26.178] [interpreter_logger] [info] Run the klayout command: /home/zhangpan/桌面/klayout/bin/klayout -b -r test1_KL.drc
[2024-05-23 19:44:27.824] [interpreter_logger] [error] The klayout command is failed! return 256
[2024-05-23 19:44:27.824] [interpreter_logger] [info] Pause the interpreter thread for the klayout run
[2024-05-23 19:44:28.171] [interpreter_logger] [info] Stop the interpreter thread
[2024-05-23 19:44:28.171] [interpreter_logger] [info] Run the klayout command: /home/zhangpan/桌面/klayout/bin/klayout -b -r test1_KL.drc
[2024-05-23 19:44:29.150] [interpreter_logger] [error] The klayout command is failed! return 256
[2024-05-23 19:44:29.150] [interpreter_logger] [info] Pause the interpreter thread for the klayout run
[2024-05-23 19:45:39.270] [interpreter_logger] [info] The parser is initialized!
[2024-05-23 19:45:39.273] [interpreter_logger] [info] Start the interpreter thread
[2024-05-23 19:45:39.281] [interpreter_logger] [info] Run the klayout command: /home/zhangpan/桌面/klayout/bin/klayout -b -r test1_KL.drc
[2024-05-23 19:45:40.254] [interpreter_logger] [error] The klayout command is failed! return 256
[2024-05-23 19:45:40.254] [interpreter_logger] [info] Pause the interpreter thread for the klayout run
[2024-05-23 19:45:40.279] [interpreter_logger] [info] Stop the interpreter thread
[2024-05-23 19:45:40.279] [interpreter_logger] [info] Run the klayout command: /home/zhangpan/桌面/klayout/bin/klayout -b -r test1_KL.drc
[2024-05-23 19:45:41.256] [interpreter_logger] [error] The klayout command is failed! return 256
[2024-05-23 19:45:41.256] [interpreter_logger] [info] Pause the interpreter thread for the klayout run
[2024-05-23 19:47:41.440] [interpreter_logger] [info] The parser is initialized!
[2024-05-23 19:47:41.441] [interpreter_logger] [info] Start the interpreter thread
[2024-05-23 19:47:41.452] [interpreter_logger] [info] Run the klayout command: /home/zhangpan/桌面/klayout/bin/klayout -b -r test1_KL.drc
[2024-05-23 19:47:42.528] [interpreter_logger] [error] The klayout command is failed! return 256
[2024-05-23 19:47:42.530] [interpreter_logger] [info] Pause the interpreter thread for the klayout run
[2024-05-23 19:47:43.450] [interpreter_logger] [info] Stop the interpreter thread
[2024-05-23 19:47:43.450] [interpreter_logger] [info] Run the klayout command: /home/zhangpan/桌面/klayout/bin/klayout -b -r test1_KL.drc
[2024-05-23 19:47:44.448] [interpreter_logger] [error] The klayout command is failed! return 256
[2024-05-23 19:47:44.448] [interpreter_logger] [info] Pause the interpreter thread for the klayout run
[2024-05-23 19:49:37.851] [interpreter_logger] [info] The parser is initialized!
[2024-05-23 19:49:37.852] [interpreter_logger] [info] Start the interpreter thread
[2024-05-23 19:49:37.862] [interpreter_logger] [info] Run the klayout command: /home/zhangpan/桌面/klayout/bin/klayout -b -r test1_KL.drc
[2024-05-23 19:49:38.854] [interpreter_logger] [error] The klayout command is failed! return 256
[2024-05-23 19:49:38.854] [interpreter_logger] [info] Pause the interpreter thread for the klayout run
[2024-05-23 19:49:39.864] [interpreter_logger] [info] Stop the interpreter thread
[2024-05-23 19:49:39.864] [interpreter_logger] [info] Run the klayout command: /home/zhangpan/桌面/klayout/bin/klayout -b -r test1_KL.drc
[2024-05-23 19:49:40.831] [interpreter_logger] [error] The klayout command is failed! return 256
[2024-05-23 19:49:40.831] [interpreter_logger] [info] Pause the interpreter thread for the klayout run
[2024-05-23 19:50:55.263] [interpreter_logger] [info] The parser is initialized!
[2024-05-23 19:50:55.263] [interpreter_logger] [info] Start the interpreter thread
[2024-05-23 19:50:55.273] [interpreter_logger] [info] Run the klayout command: /home/zhangpan/桌面/klayout/bin/klayout -b -r test1_KL.drc
[2024-05-23 19:50:56.294] [interpreter_logger] [error] The klayout command is failed! return 256
[2024-05-23 19:50:56.294] [interpreter_logger] [info] Pause the interpreter thread for the klayout run
[2024-05-23 19:50:57.275] [interpreter_logger] [info] Stop the interpreter thread
[2024-05-23 19:50:57.275] [interpreter_logger] [info] Run the klayout command: /home/zhangpan/桌面/klayout/bin/klayout -b -r test1_KL.drc
[2024-05-23 19:50:58.308] [interpreter_logger] [error] The klayout command is failed! return 256
[2024-05-23 19:50:58.308] [interpreter_logger] [info] Pause the interpreter thread for the klayout run
[2024-05-23 19:55:52.241] [interpreter_logger] [info] The parser is initialized!
[2024-05-23 19:55:52.242] [interpreter_logger] [info] Start the interpreter thread
[2024-05-23 19:55:52.254] [interpreter_logger] [info] Run the klayout command: /home/zhangpan/桌面/klayout/bin/klayout -b -r test1_KL.drc
[2024-05-23 19:55:53.445] [interpreter_logger] [error] The klayout command is failed! return 256
[2024-05-23 19:55:53.445] [interpreter_logger] [info] Pause the interpreter thread for the klayout run
[2024-05-23 19:55:54.259] [interpreter_logger] [info] Stop the interpreter thread
[2024-05-23 19:55:54.259] [interpreter_logger] [info] Run the klayout command: /home/zhangpan/桌面/klayout/bin/klayout -b -r test1_KL.drc
[2024-05-23 19:55:55.286] [interpreter_logger] [error] The klayout command is failed! return 256
[2024-05-23 19:55:55.286] [interpreter_logger] [info] Pause the interpreter thread for the klayout run
[2024-05-23 19:58:12.649] [interpreter_logger] [info] The parser is initialized!
[2024-05-23 19:58:12.650] [interpreter_logger] [info] Start the interpreter thread
[2024-05-23 19:58:12.660] [interpreter_logger] [info] Run the klayout command: /home/zhangpan/桌面/klayout/bin/klayout -b -r test1_KL.drc
[2024-05-23 19:58:13.698] [interpreter_logger] [info] Pause the interpreter thread for the klayout run
[2024-05-23 19:58:14.656] [interpreter_logger] [info] Stop the interpreter thread
[2024-05-23 19:58:14.656] [interpreter_logger] [info] Run the klayout command: /home/zhangpan/桌面/klayout/bin/klayout -b -r test1_KL.drc
[2024-05-23 19:58:15.673] [interpreter_logger] [info] Pause the interpreter thread for the klayout run
[2024-05-24 15:04:41.472] [interpreter_logger] [info] The parser is initialized!
[2024-05-24 15:04:41.473] [interpreter_logger] [info] Start the interpreter thread
[2024-05-24 15:04:41.484] [interpreter_logger] [info] Run the klayout command: /home/zhangpan/桌面/klayout/bin/klayout -b -r test1_KL.drc
[2024-05-24 15:04:43.144] [interpreter_logger] [info] Pause the interpreter thread for the klayout run
[2024-05-24 15:04:43.474] [interpreter_logger] [info] Stop the interpreter thread
[2024-05-24 15:04:43.474] [interpreter_logger] [info] Run the klayout command: /home/zhangpan/桌面/klayout/bin/klayout -b -r test1_KL.drc
[2024-05-24 15:04:44.513] [interpreter_logger] [info] Pause the interpreter thread for the klayout run
[2024-05-31 12:14:51.116] [interpreter_logger] [info] The parser is initialized!
[2024-05-31 12:14:51.118] [interpreter_logger] [info] Start the interpreter thread
[2024-06-03 09:59:54.691] [interpreter_logger] [info] The parser is initialized!
[2024-06-03 09:59:54.692] [interpreter_logger] [info] Start the interpreter thread
[2024-06-03 09:59:54.702] [interpreter_logger] [error] The file /home/zhangpan/桌面/klayout/bin//tmp/test1_KL.drc is not found!
[2024-06-03 09:59:54.702] [interpreter_logger] [error] failed in run: The file /home/zhangpan/桌面/klayout/bin//tmp/test1_KL.drc is not found!
[2024-06-03 10:01:06.363] [interpreter_logger] [info] The parser is initialized!
[2024-06-03 10:01:06.365] [interpreter_logger] [info] Start the interpreter thread
[2024-06-03 10:01:06.370] [interpreter_logger] [error] The file /home/zhangpan/桌面/klayout/bin//tmp/test_KL.drc is not found!
[2024-06-03 10:01:06.370] [interpreter_logger] [error] failed in run: The file /home/zhangpan/桌面/klayout/bin//tmp/test_KL.drc is not found!
[2024-06-03 10:02:08.804] [interpreter_logger] [info] The parser is initialized!
[2024-06-03 10:02:08.805] [interpreter_logger] [info] Start the interpreter thread
[2024-06-03 10:02:36.381] [interpreter_logger] [error] The file /home/zhangpan/桌面/klayout/bin//tmp/test_KL.drc is not found!
[2024-06-03 10:02:36.381] [interpreter_logger] [error] failed in run: The file /home/zhangpan/桌面/klayout/bin//tmp/test_KL.drc is not found!
[2024-06-03 10:02:37.375] [interpreter_logger] [info] Stop the interpreter thread
[2024-06-03 10:02:37.375] [interpreter_logger] [info] Stop the interpreter thread
[2024-06-03 10:03:25.907] [interpreter_logger] [info] The parser is initialized!
[2024-06-03 10:03:25.908] [interpreter_logger] [info] Start the interpreter thread
[2024-06-03 10:03:25.912] [interpreter_logger] [error] The file /home/zhangpan/桌面/klayout/bin//tmp/test_KL.drc is not found!
[2024-06-03 10:03:25.912] [interpreter_logger] [error] failed in run: The file /home/zhangpan/桌面/klayout/bin//tmp/test_KL.drc is not found!
[2024-06-03 10:03:26.908] [interpreter_logger] [info] Stop the interpreter thread
[2024-06-03 10:03:26.908] [interpreter_logger] [info] Stop the interpreter thread
[2024-06-03 10:11:13.913] [interpreter_logger] [info] The parser is initialized!
[2024-06-03 10:11:13.914] [interpreter_logger] [info] Start the interpreter thread
[2024-06-03 10:11:13.918] [interpreter_logger] [error] The file /home/zhangpan/桌面/klayout/bin//tmp/test_KL.drc is not found!
[2024-06-03 10:11:13.918] [interpreter_logger] [error] failed in run: The file /home/zhangpan/桌面/klayout/bin//tmp/test_KL.drc is not found!
[2024-06-03 10:11:14.915] [interpreter_logger] [info] Stop the interpreter thread
[2024-06-03 10:11:14.915] [interpreter_logger] [info] Stop the interpreter thread
[2024-06-04 14:30:33.869] [interpreter_logger] [info] The parser is initialized!
[2024-06-04 14:30:33.872] [interpreter_logger] [info] Start the interpreter thread
[2024-06-04 14:30:33.876] [interpreter_logger] [error] The file /home/zhangpan/桌面/klayout/bin//tmp/test_KL.drc is not found!
[2024-06-04 14:30:33.876] [interpreter_logger] [error] failed in run: The file /home/zhangpan/桌面/klayout/bin//tmp/test_KL.drc is not found!
[2024-06-04 14:30:34.874] [interpreter_logger] [info] Stop the interpreter thread
[2024-06-04 14:30:34.874] [interpreter_logger] [info] Stop the interpreter thread
[2024-06-06 16:29:13.287] [interpreter_logger] [info] The parser is initialized!
[2024-06-06 16:29:13.289] [interpreter_logger] [info] Start the interpreter thread
[2024-06-06 16:29:13.294] [interpreter_logger] [error] The file /home/zhangpan/桌面/klayout/bin//tmp/test_KL.drc is not found!
[2024-06-06 16:29:13.294] [interpreter_logger] [error] failed in run: The file /home/zhangpan/桌面/klayout/bin//tmp/test_KL.drc is not found!
[2024-06-06 16:29:14.290] [interpreter_logger] [info] Stop the interpreter thread
[2024-06-06 16:29:14.290] [interpreter_logger] [info] Stop the interpreter thread
